Restore Archived Project report for DE2_115_Media_Computer
Thu Apr 05 11:09:17 2018
Quartus Prime Version 17.1.0 Build 590 10/25/2017 SJ Lite Edition


---------------------
; Table of Contents ;
---------------------
  1. Legal Notice
  2. Restore Archived Project Summary
  3. Restore Archived Project Messages
  4. Files Restored
  5. Files Not Restored



----------------
; Legal Notice ;
----------------
Copyright (C) 2017  Intel Corporation. All rights reserved.
Your use of Intel Corporation's design tools, logic functions 
and other software and tools, and its AMPP partner logic 
functions, and any output files from any of the foregoing 
(including device programming or simulation files), and any 
associated documentation or information are expressly subject 
to the terms and conditions of the Intel Program License 
Subscription Agreement, the Intel Quartus Prime License Agreement,
the Intel FPGA IP License Agreement, or other applicable license
agreement, including, without limitation, that your use is for
the sole purpose of programming logic devices manufactured by
Intel and sold by Intel or its authorized distributors.  Please
refer to the applicable agreement for further details.



+-------------------------------------------------------------------------+
; Restore Archived Project Summary                                        ;
+---------------------------------+---------------------------------------+
; Restore Archived Project Status ; Successful - Thu Apr 05 11:09:17 2018 ;
; Revision Name                   ; DE2_115_Media_Computer                ;
; Top-level Entity Name           ; DE2_115_Media_Computer                ;
; Family                          ; Cyclone IV E                          ;
+---------------------------------+---------------------------------------+


+-----------------------------------+
; Restore Archived Project Messages ;
+-----------------------------------+
Info: Successfully restored 'C:/intelFPGA/University_Program/Computer_Systems/DE2-115/DE2-115_Media_Computer/verilog/DE2_115_Media_Computer_tmp_archive.qar' into the 'D:/MyDocs/altera/de2_115_media_computer' directory
Info: Generated report 'DE2_115_Media_Computer.restore.rpt'


+-----------------------------------------------------------------------------------------------------------------------------+
; Files Restored                                                                                                              ;
+-----------------------------------------------------------------------------------------------------------------------------+
; File Name                                                                                                                   ;
+-----------------------------------------------------------------------------------------------------------------------------+
; qar_info.json                                                                                                               ;
; DE2_115_Media_Computer.qpf                                                                                                  ;
; DE2_115_Media_Computer.qsf                                                                                                  ;
; DE2_115_Media_Computer.sdc                                                                                                  ;
; DE2_115_Media_Computer_assignment_defaults.qdf                                                                              ;
; de2_115_media_computer.v                                                                                                    ;
; nios_system.qsys                                                                                                            ;
; nios_system.sopcinfo                                                                                                        ;
; nios_system/nios_system.cmp                                                                                                 ;
; nios_system/synthesis/nios_system.debuginfo                                                                                 ;
; nios_system/synthesis/nios_system.qip                                                                                       ;
; nios_system/synthesis/nios_system.regmap                                                                                    ;
; nios_system/synthesis/nios_system.v                                                                                         ;
; nios_system/synthesis/submodules/Altera_UP_Flash_Memory_Controller.vhd                                                      ;
; nios_system/synthesis/submodules/Altera_UP_Flash_Memory_IP_Core_Avalon_Interface.vhd                                        ;
; nios_system/synthesis/submodules/Altera_UP_Flash_Memory_IP_Core_Standalone.vhd                                              ;
; nios_system/synthesis/submodules/Altera_UP_Flash_Memory_User_Interface.vhd                                                  ;
; nios_system/synthesis/submodules/Altera_UP_SD_CRC16_Generator.vhd                                                           ;
; nios_system/synthesis/submodules/Altera_UP_SD_CRC7_Generator.vhd                                                            ;
; nios_system/synthesis/submodules/Altera_UP_SD_Card_48_bit_Command_Generator.vhd                                             ;
; nios_system/synthesis/submodules/Altera_UP_SD_Card_Avalon_Interface.vhd                                                     ;
; nios_system/synthesis/submodules/Altera_UP_SD_Card_Buffer.vhd                                                               ;
; nios_system/synthesis/submodules/Altera_UP_SD_Card_Clock.vhd                                                                ;
; nios_system/synthesis/submodules/Altera_UP_SD_Card_Control_FSM.vhd                                                          ;
; nios_system/synthesis/submodules/Altera_UP_SD_Card_Interface.vhd                                                            ;
; nios_system/synthesis/submodules/Altera_UP_SD_Card_Memory_Block.vhd                                                         ;
; nios_system/synthesis/submodules/Altera_UP_SD_Card_Response_Receiver.vhd                                                    ;
; nios_system/synthesis/submodules/Altera_UP_SD_Signal_Trigger.vhd                                                            ;
; nios_system/synthesis/submodules/altera_avalon_packets_to_master.v                                                          ;
; nios_system/synthesis/submodules/altera_avalon_sc_fifo.v                                                                    ;
; nios_system/synthesis/submodules/altera_avalon_st_bytes_to_packets.v                                                        ;
; nios_system/synthesis/submodules/altera_avalon_st_clock_crosser.v                                                           ;
; nios_system/synthesis/submodules/altera_avalon_st_idle_inserter.v                                                           ;
; nios_system/synthesis/submodules/altera_avalon_st_idle_remover.v                                                            ;
; nios_system/synthesis/submodules/altera_avalon_st_jtag_interface.sdc                                                        ;
; nios_system/synthesis/submodules/altera_avalon_st_jtag_interface.v                                                          ;
; nios_system/synthesis/submodules/altera_avalon_st_packets_to_bytes.v                                                        ;
; nios_system/synthesis/submodules/altera_avalon_st_pipeline_base.v                                                           ;
; nios_system/synthesis/submodules/altera_avalon_st_pipeline_stage.sv                                                         ;
; nios_system/synthesis/submodules/altera_customins_master_translator.v                                                       ;
; nios_system/synthesis/submodules/altera_customins_slave_translator.sv                                                       ;
; nios_system/synthesis/submodules/altera_default_burst_converter.sv                                                          ;
; nios_system/synthesis/submodules/altera_incr_burst_converter.sv                                                             ;
; nios_system/synthesis/submodules/altera_jtag_dc_streaming.v                                                                 ;
; nios_system/synthesis/submodules/altera_jtag_sld_node.v                                                                     ;
; nios_system/synthesis/submodules/altera_jtag_streaming.v                                                                    ;
; nios_system/synthesis/submodules/altera_merlin_address_alignment.sv                                                         ;
; nios_system/synthesis/submodules/altera_merlin_arbitrator.sv                                                                ;
; nios_system/synthesis/submodules/altera_merlin_burst_adapter.sv                                                             ;
; nios_system/synthesis/submodules/altera_merlin_burst_adapter_13_1.sv                                                        ;
; nios_system/synthesis/submodules/altera_merlin_burst_adapter_new.sv                                                         ;
; nios_system/synthesis/submodules/altera_merlin_burst_adapter_uncmpr.sv                                                      ;
; nios_system/synthesis/submodules/altera_merlin_burst_uncompressor.sv                                                        ;
; nios_system/synthesis/submodules/altera_merlin_master_agent.sv                                                              ;
; nios_system/synthesis/submodules/altera_merlin_master_translator.sv                                                         ;
; nios_system/synthesis/submodules/altera_merlin_reorder_memory.sv                                                            ;
; nios_system/synthesis/submodules/altera_merlin_slave_agent.sv                                                               ;
; nios_system/synthesis/submodules/altera_merlin_slave_translator.sv                                                          ;
; nios_system/synthesis/submodules/altera_merlin_traffic_limiter.sv                                                           ;
; nios_system/synthesis/submodules/altera_merlin_width_adapter.sv                                                             ;
; nios_system/synthesis/submodules/altera_reset_controller.sdc                                                                ;
; nios_system/synthesis/submodules/altera_reset_controller.v                                                                  ;
; nios_system/synthesis/submodules/altera_reset_synchronizer.v                                                                ;
; nios_system/synthesis/submodules/altera_std_synchronizer_nocut.v                                                            ;
; nios_system/synthesis/submodules/altera_up_RGB_to_YCrCb_converter.v                                                         ;
; nios_system/synthesis/submodules/altera_up_YCrCb_to_RGB_converter.v                                                         ;
; nios_system/synthesis/submodules/altera_up_altpll.v                                                                         ;
; nios_system/synthesis/submodules/altera_up_audio_bit_counter.v                                                              ;
; nios_system/synthesis/submodules/altera_up_audio_in_deserializer.v                                                          ;
; nios_system/synthesis/submodules/altera_up_audio_out_serializer.v                                                           ;
; nios_system/synthesis/submodules/altera_up_av_config_auto_init.v                                                            ;
; nios_system/synthesis/submodules/altera_up_av_config_auto_init_d5m.v                                                        ;
; nios_system/synthesis/submodules/altera_up_av_config_auto_init_dc2.v                                                        ;
; nios_system/synthesis/submodules/altera_up_av_config_auto_init_lcm.v                                                        ;
; nios_system/synthesis/submodules/altera_up_av_config_auto_init_ltm.v                                                        ;
; nios_system/synthesis/submodules/altera_up_av_config_auto_init_ob_adv7180.v                                                 ;
; nios_system/synthesis/submodules/altera_up_av_config_auto_init_ob_adv7181.v                                                 ;
; nios_system/synthesis/submodules/altera_up_av_config_auto_init_ob_audio.v                                                   ;
; nios_system/synthesis/submodules/altera_up_av_config_auto_init_ob_de10_standard.v                                           ;
; nios_system/synthesis/submodules/altera_up_av_config_auto_init_ob_de1_soc.v                                                 ;
; nios_system/synthesis/submodules/altera_up_av_config_auto_init_ob_de2_115.v                                                 ;
; nios_system/synthesis/submodules/altera_up_av_config_auto_init_ob_de2i_150.v                                                ;
; nios_system/synthesis/submodules/altera_up_av_config_serial_bus_controller.v                                                ;
; nios_system/synthesis/submodules/altera_up_avalon_reset_from_locked_signal.v                                                ;
; nios_system/synthesis/submodules/altera_up_avalon_video_vga_timing.v                                                        ;
; nios_system/synthesis/submodules/altera_up_character_lcd_communication.v                                                    ;
; nios_system/synthesis/submodules/altera_up_character_lcd_initialization.v                                                   ;
; nios_system/synthesis/submodules/altera_up_clock_edge.v                                                                     ;
; nios_system/synthesis/submodules/altera_up_edge_detection_data_shift_register.v                                             ;
; nios_system/synthesis/submodules/altera_up_edge_detection_gaussian_smoothing_filter.v                                       ;
; nios_system/synthesis/submodules/altera_up_edge_detection_hysteresis.v                                                      ;
; nios_system/synthesis/submodules/altera_up_edge_detection_nonmaximum_suppression.v                                          ;
; nios_system/synthesis/submodules/altera_up_edge_detection_pixel_info_shift_register.v                                       ;
; nios_system/synthesis/submodules/altera_up_edge_detection_sobel_operator.v                                                  ;
; nios_system/synthesis/submodules/altera_up_irda_counters.v                                                                  ;
; nios_system/synthesis/submodules/altera_up_irda_in_deserializer.v                                                           ;
; nios_system/synthesis/submodules/altera_up_irda_out_serializer.v                                                            ;
; nios_system/synthesis/submodules/altera_up_ps2.v                                                                            ;
; nios_system/synthesis/submodules/altera_up_ps2_command_out.v                                                                ;
; nios_system/synthesis/submodules/altera_up_ps2_data_in.v                                                                    ;
; nios_system/synthesis/submodules/altera_up_rs232_counters.v                                                                 ;
; nios_system/synthesis/submodules/altera_up_rs232_in_deserializer.v                                                          ;
; nios_system/synthesis/submodules/altera_up_rs232_out_serializer.v                                                           ;
; nios_system/synthesis/submodules/altera_up_slow_clock_generator.v                                                           ;
; nios_system/synthesis/submodules/altera_up_sync_fifo.v                                                                      ;
; nios_system/synthesis/submodules/altera_up_video_alpha_blender_normal.v                                                     ;
; nios_system/synthesis/submodules/altera_up_video_alpha_blender_simple.v                                                     ;
; nios_system/synthesis/submodules/altera_up_video_ascii_rom_128.txt                                                          ;
; nios_system/synthesis/submodules/altera_up_video_ascii_rom_128.v                                                            ;
; nios_system/synthesis/submodules/altera_up_video_camera_decoder.v                                                           ;
; nios_system/synthesis/submodules/altera_up_video_clipper_add.v                                                              ;
; nios_system/synthesis/submodules/altera_up_video_clipper_counters.v                                                         ;
; nios_system/synthesis/submodules/altera_up_video_clipper_drop.v                                                             ;
; nios_system/synthesis/submodules/altera_up_video_decoder_add_endofpacket.v                                                  ;
; nios_system/synthesis/submodules/altera_up_video_dma_control_slave.v                                                        ;
; nios_system/synthesis/submodules/altera_up_video_dma_to_memory.v                                                            ;
; nios_system/synthesis/submodules/altera_up_video_dma_to_stream.v                                                            ;
; nios_system/synthesis/submodules/altera_up_video_dual_clock_fifo.v                                                          ;
; nios_system/synthesis/submodules/altera_up_video_itu_656_decoder.v                                                          ;
; nios_system/synthesis/submodules/altera_up_video_scaler_multiply_height.v                                                   ;
; nios_system/synthesis/submodules/altera_up_video_scaler_multiply_width.v                                                    ;
; nios_system/synthesis/submodules/altera_up_video_scaler_shrink.v                                                            ;
; nios_system/synthesis/submodules/altera_wrap_burst_converter.sv                                                             ;
; nios_system/synthesis/submodules/fpoint_hw_qsys.v                                                                           ;
; nios_system/synthesis/submodules/fpoint_qsys.v                                                                              ;
; nios_system/synthesis/submodules/fpoint_wrapper.v                                                                           ;
; nios_system/synthesis/submodules/nios_system_AV_Config.v                                                                    ;
; nios_system/synthesis/submodules/nios_system_Audio_Subsystem.v                                                              ;
; nios_system/synthesis/submodules/nios_system_Audio_Subsystem_Audio.v                                                        ;
; nios_system/synthesis/submodules/nios_system_Audio_Subsystem_Audio_PLL.v                                                    ;
; nios_system/synthesis/submodules/nios_system_Char_LCD_16x2.v                                                                ;
; nios_system/synthesis/submodules/nios_system_Expansion_JP5.v                                                                ;
; nios_system/synthesis/submodules/nios_system_Green_LEDs.v                                                                   ;
; nios_system/synthesis/submodules/nios_system_HEX3_HEX0.v                                                                    ;
; nios_system/synthesis/submodules/nios_system_HEX7_HEX4.v                                                                    ;
; nios_system/synthesis/submodules/nios_system_Interval_Timer.v                                                               ;
; nios_system/synthesis/submodules/nios_system_IrDA.v                                                                         ;
; nios_system/synthesis/submodules/nios_system_JTAG_UART.v                                                                    ;
; nios_system/synthesis/submodules/nios_system_JTAG_to_FPGA_Bridge.v                                                          ;
; nios_system/synthesis/submodules/nios_system_JTAG_to_FPGA_Bridge_b2p_adapter.sv                                             ;
; nios_system/synthesis/submodules/nios_system_JTAG_to_FPGA_Bridge_p2b_adapter.sv                                             ;
; nios_system/synthesis/submodules/nios_system_JTAG_to_FPGA_Bridge_timing_adt.sv                                              ;
; nios_system/synthesis/submodules/nios_system_Nios2.v                                                                        ;
; nios_system/synthesis/submodules/nios_system_Nios2_2nd_Core.v                                                               ;
; nios_system/synthesis/submodules/nios_system_Nios2_2nd_Core_cpu.ocp                                                         ;
; nios_system/synthesis/submodules/nios_system_Nios2_2nd_Core_cpu.sdc                                                         ;
; nios_system/synthesis/submodules/nios_system_Nios2_2nd_Core_cpu.v                                                           ;
; nios_system/synthesis/submodules/nios_system_Nios2_2nd_Core_cpu_bht_ram.mif                                                 ;
; nios_system/synthesis/submodules/nios_system_Nios2_2nd_Core_cpu_debug_slave_sysclk.v                                        ;
; nios_system/synthesis/submodules/nios_system_Nios2_2nd_Core_cpu_debug_slave_tck.v                                           ;
; nios_system/synthesis/submodules/nios_system_Nios2_2nd_Core_cpu_debug_slave_wrapper.v                                       ;
; nios_system/synthesis/submodules/nios_system_Nios2_2nd_Core_cpu_ic_tag_ram.mif                                              ;
; nios_system/synthesis/submodules/nios_system_Nios2_2nd_Core_cpu_mult_cell.v                                                 ;
; nios_system/synthesis/submodules/nios_system_Nios2_2nd_Core_cpu_ociram_default_contents.mif                                 ;
; nios_system/synthesis/submodules/nios_system_Nios2_2nd_Core_cpu_rf_ram_a.mif                                                ;
; nios_system/synthesis/submodules/nios_system_Nios2_2nd_Core_cpu_rf_ram_b.mif                                                ;
; nios_system/synthesis/submodules/nios_system_Nios2_2nd_Core_cpu_test_bench.v                                                ;
; nios_system/synthesis/submodules/nios_system_Nios2_cpu.ocp                                                                  ;
; nios_system/synthesis/submodules/nios_system_Nios2_cpu.sdc                                                                  ;
; nios_system/synthesis/submodules/nios_system_Nios2_cpu.v                                                                    ;
; nios_system/synthesis/submodules/nios_system_Nios2_cpu_bht_ram.mif                                                          ;
; nios_system/synthesis/submodules/nios_system_Nios2_cpu_debug_slave_sysclk.v                                                 ;
; nios_system/synthesis/submodules/nios_system_Nios2_cpu_debug_slave_tck.v                                                    ;
; nios_system/synthesis/submodules/nios_system_Nios2_cpu_debug_slave_wrapper.v                                                ;
; nios_system/synthesis/submodules/nios_system_Nios2_cpu_ic_tag_ram.mif                                                       ;
; nios_system/synthesis/submodules/nios_system_Nios2_cpu_mult_cell.v                                                          ;
; nios_system/synthesis/submodules/nios_system_Nios2_cpu_ociram_default_contents.mif                                          ;
; nios_system/synthesis/submodules/nios_system_Nios2_cpu_rf_ram_a.mif                                                         ;
; nios_system/synthesis/submodules/nios_system_Nios2_cpu_rf_ram_b.mif                                                         ;
; nios_system/synthesis/submodules/nios_system_Nios2_cpu_test_bench.v                                                         ;
; nios_system/synthesis/submodules/nios_system_Nios2_custom_instruction_master_multi_xconnect.sv                              ;
; nios_system/synthesis/submodules/nios_system_PS2_Port.v                                                                     ;
; nios_system/synthesis/submodules/nios_system_Pushbuttons.v                                                                  ;
; nios_system/synthesis/submodules/nios_system_Red_LEDs.v                                                                     ;
; nios_system/synthesis/submodules/nios_system_SDRAM.v                                                                        ;
; nios_system/synthesis/submodules/nios_system_SDRAM_test_component.v                                                         ;
; nios_system/synthesis/submodules/nios_system_SRAM.v                                                                         ;
; nios_system/synthesis/submodules/nios_system_Serial_Port.v                                                                  ;
; nios_system/synthesis/submodules/nios_system_Slider_Switches.v                                                              ;
; nios_system/synthesis/submodules/nios_system_SysID.v                                                                        ;
; nios_system/synthesis/submodules/nios_system_System_PLL.v                                                                   ;
; nios_system/synthesis/submodules/nios_system_USB.v                                                                          ;
; nios_system/synthesis/submodules/nios_system_VGA_Subsystem.v                                                                ;
; nios_system/synthesis/submodules/nios_system_VGA_Subsystem_Char_Buf_Subsystem.v                                             ;
; nios_system/synthesis/submodules/nios_system_VGA_Subsystem_Char_Buf_Subsystem_ASCII_to_Image.v                              ;
; nios_system/synthesis/submodules/nios_system_VGA_Subsystem_Char_Buf_Subsystem_Char_Buf_DMA.v                                ;
; nios_system/synthesis/submodules/nios_system_VGA_Subsystem_Char_Buf_Subsystem_Char_Buf_RGB_Resampler.v                      ;
; nios_system/synthesis/submodules/nios_system_VGA_Subsystem_Char_Buf_Subsystem_Char_Buf_Scaler.v                             ;
; nios_system/synthesis/submodules/nios_system_VGA_Subsystem_Char_Buf_Subsystem_Onchip_SRAM.hex                               ;
; nios_system/synthesis/submodules/nios_system_VGA_Subsystem_Char_Buf_Subsystem_Onchip_SRAM.v                                 ;
; nios_system/synthesis/submodules/nios_system_VGA_Subsystem_Char_Buf_Subsystem_Set_Black_Transparent.v                       ;
; nios_system/synthesis/submodules/nios_system_VGA_Subsystem_Char_Buf_Subsystem_mm_interconnect_0.v                           ;
; nios_system/synthesis/submodules/nios_system_VGA_Subsystem_Char_Buf_Subsystem_mm_interconnect_0_cmd_demux.sv                ;
; nios_system/synthesis/submodules/nios_system_VGA_Subsystem_Char_Buf_Subsystem_mm_interconnect_0_cmd_mux.sv                  ;
; nios_system/synthesis/submodules/nios_system_VGA_Subsystem_Char_Buf_Subsystem_mm_interconnect_0_router.sv                   ;
; nios_system/synthesis/submodules/nios_system_VGA_Subsystem_Char_Buf_Subsystem_mm_interconnect_0_router_001.sv               ;
; nios_system/synthesis/submodules/nios_system_VGA_Subsystem_Char_Buf_Subsystem_mm_interconnect_0_rsp_mux.sv                  ;
; nios_system/synthesis/submodules/nios_system_VGA_Subsystem_VGA_Alpha_Blender.v                                              ;
; nios_system/synthesis/submodules/nios_system_VGA_Subsystem_VGA_Controller.v                                                 ;
; nios_system/synthesis/submodules/nios_system_VGA_Subsystem_VGA_Dual_Clock_FIFO.v                                            ;
; nios_system/synthesis/submodules/nios_system_VGA_Subsystem_VGA_PLL.v                                                        ;
; nios_system/synthesis/submodules/nios_system_VGA_Subsystem_VGA_Pixel_DMA.v                                                  ;
; nios_system/synthesis/submodules/nios_system_VGA_Subsystem_VGA_Pixel_FIFO.v                                                 ;
; nios_system/synthesis/submodules/nios_system_VGA_Subsystem_VGA_Pixel_RGB_Resampler.v                                        ;
; nios_system/synthesis/submodules/nios_system_VGA_Subsystem_VGA_Pixel_Scaler.v                                               ;
; nios_system/synthesis/submodules/nios_system_VGA_Subsystem_avalon_st_adapter.v                                              ;
; nios_system/synthesis/submodules/nios_system_VGA_Subsystem_avalon_st_adapter_channel_adapter_0.sv                           ;
; nios_system/synthesis/submodules/nios_system_Video_In_Subsystem.v                                                           ;
; nios_system/synthesis/submodules/nios_system_Video_In_Subsystem_Edge_Detection_Subsystem.v                                  ;
; nios_system/synthesis/submodules/nios_system_Video_In_Subsystem_Edge_Detection_Subsystem_Chroma_Filter.v                    ;
; nios_system/synthesis/submodules/nios_system_Video_In_Subsystem_Edge_Detection_Subsystem_Chroma_Upsampler.v                 ;
; nios_system/synthesis/submodules/nios_system_Video_In_Subsystem_Edge_Detection_Subsystem_Edge_Detection.v                   ;
; nios_system/synthesis/submodules/nios_system_Video_In_Subsystem_Edge_Detection_Subsystem_Edge_Detection_Router_Controller.v ;
; nios_system/synthesis/submodules/nios_system_Video_In_Subsystem_Edge_Detection_Subsystem_Video_Stream_Merger.v              ;
; nios_system/synthesis/submodules/nios_system_Video_In_Subsystem_Edge_Detection_Subsystem_Video_Stream_Splitter.v            ;
; nios_system/synthesis/submodules/nios_system_Video_In_Subsystem_Video_In.v                                                  ;
; nios_system/synthesis/submodules/nios_system_Video_In_Subsystem_Video_In_CSC.v                                              ;
; nios_system/synthesis/submodules/nios_system_Video_In_Subsystem_Video_In_Chroma_Resampler.v                                 ;
; nios_system/synthesis/submodules/nios_system_Video_In_Subsystem_Video_In_Clipper.v                                          ;
; nios_system/synthesis/submodules/nios_system_Video_In_Subsystem_Video_In_DMA.v                                              ;
; nios_system/synthesis/submodules/nios_system_Video_In_Subsystem_Video_In_RGB_Resampler.v                                    ;
; nios_system/synthesis/submodules/nios_system_Video_In_Subsystem_Video_In_Scaler.v                                           ;
; nios_system/synthesis/submodules/nios_system_irq_mapper.sv                                                                  ;
; nios_system/synthesis/submodules/nios_system_mm_interconnect_0.v                                                            ;
; nios_system/synthesis/submodules/nios_system_mm_interconnect_0_avalon_st_adapter.v                                          ;
; nios_system/synthesis/submodules/nios_system_mm_interconnect_0_avalon_st_adapter_004.v                                      ;
; nios_system/synthesis/submodules/nios_system_mm_interconnect_0_avalon_st_adapter_004_error_adapter_0.sv                     ;
; nios_system/synthesis/submodules/nios_system_mm_interconnect_0_avalon_st_adapter_016.v                                      ;
; nios_system/synthesis/submodules/nios_system_mm_interconnect_0_avalon_st_adapter_016_error_adapter_0.sv                     ;
; nios_system/synthesis/submodules/nios_system_mm_interconnect_0_avalon_st_adapter_error_adapter_0.sv                         ;
; nios_system/synthesis/submodules/nios_system_mm_interconnect_0_cmd_demux.sv                                                 ;
; nios_system/synthesis/submodules/nios_system_mm_interconnect_0_cmd_demux_002.sv                                             ;
; nios_system/synthesis/submodules/nios_system_mm_interconnect_0_cmd_demux_003.sv                                             ;
; nios_system/synthesis/submodules/nios_system_mm_interconnect_0_cmd_demux_005.sv                                             ;
; nios_system/synthesis/submodules/nios_system_mm_interconnect_0_cmd_demux_006.sv                                             ;
; nios_system/synthesis/submodules/nios_system_mm_interconnect_0_cmd_mux.sv                                                   ;
; nios_system/synthesis/submodules/nios_system_mm_interconnect_0_cmd_mux_003.sv                                               ;
; nios_system/synthesis/submodules/nios_system_mm_interconnect_0_cmd_mux_004.sv                                               ;
; nios_system/synthesis/submodules/nios_system_mm_interconnect_0_cmd_mux_016.sv                                               ;
; nios_system/synthesis/submodules/nios_system_mm_interconnect_0_cmd_mux_023.sv                                               ;
; nios_system/synthesis/submodules/nios_system_mm_interconnect_0_cmd_mux_026.sv                                               ;
; nios_system/synthesis/submodules/nios_system_mm_interconnect_0_cmd_mux_029.sv                                               ;
; nios_system/synthesis/submodules/nios_system_mm_interconnect_0_router.sv                                                    ;
; nios_system/synthesis/submodules/nios_system_mm_interconnect_0_router_001.sv                                                ;
; nios_system/synthesis/submodules/nios_system_mm_interconnect_0_router_002.sv                                                ;
; nios_system/synthesis/submodules/nios_system_mm_interconnect_0_router_003.sv                                                ;
; nios_system/synthesis/submodules/nios_system_mm_interconnect_0_router_004.sv                                                ;
; nios_system/synthesis/submodules/nios_system_mm_interconnect_0_router_005.sv                                                ;
; nios_system/synthesis/submodules/nios_system_mm_interconnect_0_router_007.sv                                                ;
; nios_system/synthesis/submodules/nios_system_mm_interconnect_0_router_010.sv                                                ;
; nios_system/synthesis/submodules/nios_system_mm_interconnect_0_router_011.sv                                                ;
; nios_system/synthesis/submodules/nios_system_mm_interconnect_0_router_023.sv                                                ;
; nios_system/synthesis/submodules/nios_system_mm_interconnect_0_router_028.sv                                                ;
; nios_system/synthesis/submodules/nios_system_mm_interconnect_0_router_030.sv                                                ;
; nios_system/synthesis/submodules/nios_system_mm_interconnect_0_router_033.sv                                                ;
; nios_system/synthesis/submodules/nios_system_mm_interconnect_0_router_036.sv                                                ;
; nios_system/synthesis/submodules/nios_system_mm_interconnect_0_router_037.sv                                                ;
; nios_system/synthesis/submodules/nios_system_mm_interconnect_0_rsp_demux.sv                                                 ;
; nios_system/synthesis/submodules/nios_system_mm_interconnect_0_rsp_demux_003.sv                                             ;
; nios_system/synthesis/submodules/nios_system_mm_interconnect_0_rsp_demux_004.sv                                             ;
; nios_system/synthesis/submodules/nios_system_mm_interconnect_0_rsp_demux_016.sv                                             ;
; nios_system/synthesis/submodules/nios_system_mm_interconnect_0_rsp_demux_023.sv                                             ;
; nios_system/synthesis/submodules/nios_system_mm_interconnect_0_rsp_demux_026.sv                                             ;
; nios_system/synthesis/submodules/nios_system_mm_interconnect_0_rsp_demux_029.sv                                             ;
; nios_system/synthesis/submodules/nios_system_mm_interconnect_0_rsp_mux.sv                                                   ;
; nios_system/synthesis/submodules/nios_system_mm_interconnect_0_rsp_mux_002.sv                                               ;
; nios_system/synthesis/submodules/nios_system_mm_interconnect_0_rsp_mux_003.sv                                               ;
; nios_system/synthesis/submodules/nios_system_mm_interconnect_0_rsp_mux_005.sv                                               ;
+-----------------------------------------------------------------------------------------------------------------------------+


+-----------------------------------+
; Files Not Restored                ;
+-----------------------------------+
; File Name                         ;
+-----------------------------------+
; db/DE2_115_Media_Computer.cmp.rdb ;
+-----------------------------------+


